[2025-09-24T11:49:08.053+0000] {processor.py:157} INFO - Started process (PID=175) to work on /opt/airflow/dags/traffic_monitoring_dag.py
[2025-09-24T11:49:08.054+0000] {processor.py:829} INFO - Processing file /opt/airflow/dags/traffic_monitoring_dag.py for tasks to queue
[2025-09-24T11:49:08.055+0000] {logging_mixin.py:154} INFO - [2025-09-24T11:49:08.054+0000] {dagbag.py:536} INFO - Filling up the DagBag from /opt/airflow/dags/traffic_monitoring_dag.py
[2025-09-24T11:49:08.078+0000] {processor.py:839} INFO - DAG(s) dict_keys(['traffic_monitoring_pipeline']) retrieved from /opt/airflow/dags/traffic_monitoring_dag.py
[2025-09-24T11:49:08.100+0000] {logging_mixin.py:154} INFO - [2025-09-24T11:49:08.100+0000] {dag.py:2941} INFO - Sync 1 DAGs
[2025-09-24T11:49:08.120+0000] {logging_mixin.py:154} INFO - [2025-09-24T11:49:08.120+0000] {dag.py:3722} INFO - Setting next_dagrun for traffic_monitoring_pipeline to 2025-09-24T09:49:08.120489+00:00, run_after=2025-09-24T11:49:08.120489+00:00
[2025-09-24T11:49:08.149+0000] {processor.py:179} INFO - Processing /opt/airflow/dags/traffic_monitoring_dag.py took 0.099 seconds
[2025-09-24T11:49:38.402+0000] {processor.py:157} INFO - Started process (PID=249) to work on /opt/airflow/dags/traffic_monitoring_dag.py
[2025-09-24T11:49:38.404+0000] {processor.py:829} INFO - Processing file /opt/airflow/dags/traffic_monitoring_dag.py for tasks to queue
[2025-09-24T11:49:38.405+0000] {logging_mixin.py:154} INFO - [2025-09-24T11:49:38.405+0000] {dagbag.py:536} INFO - Filling up the DagBag from /opt/airflow/dags/traffic_monitoring_dag.py
[2025-09-24T11:49:38.428+0000] {processor.py:839} INFO - DAG(s) dict_keys(['traffic_monitoring_pipeline']) retrieved from /opt/airflow/dags/traffic_monitoring_dag.py
[2025-09-24T11:49:38.482+0000] {logging_mixin.py:154} INFO - [2025-09-24T11:49:38.482+0000] {dag.py:2941} INFO - Sync 1 DAGs
[2025-09-24T11:49:38.563+0000] {logging_mixin.py:154} INFO - [2025-09-24T11:49:38.562+0000] {dag.py:3722} INFO - Setting next_dagrun for traffic_monitoring_pipeline to 2025-09-24T09:49:38.562728+00:00, run_after=2025-09-24T11:49:38.562728+00:00
[2025-09-24T11:49:38.580+0000] {processor.py:179} INFO - Processing /opt/airflow/dags/traffic_monitoring_dag.py took 0.180 seconds
[2025-09-24T11:50:08.714+0000] {processor.py:157} INFO - Started process (PID=270) to work on /opt/airflow/dags/traffic_monitoring_dag.py
[2025-09-24T11:50:08.715+0000] {processor.py:829} INFO - Processing file /opt/airflow/dags/traffic_monitoring_dag.py for tasks to queue
[2025-09-24T11:50:09.015+0000] {logging_mixin.py:154} INFO - [2025-09-24T11:50:08.891+0000] {dagbag.py:536} INFO - Filling up the DagBag from /opt/airflow/dags/traffic_monitoring_dag.py
[2025-09-24T11:50:09.287+0000] {processor.py:839} INFO - DAG(s) dict_keys(['traffic_monitoring_pipeline']) retrieved from /opt/airflow/dags/traffic_monitoring_dag.py
[2025-09-24T11:50:09.454+0000] {logging_mixin.py:154} INFO - [2025-09-24T11:50:09.454+0000] {dag.py:2941} INFO - Sync 1 DAGs
[2025-09-24T11:50:09.625+0000] {logging_mixin.py:154} INFO - [2025-09-24T11:50:09.624+0000] {dag.py:3722} INFO - Setting next_dagrun for traffic_monitoring_pipeline to 2025-09-24T09:50:09.621893+00:00, run_after=2025-09-24T11:50:09.621893+00:00
[2025-09-24T11:50:09.698+0000] {processor.py:179} INFO - Processing /opt/airflow/dags/traffic_monitoring_dag.py took 1.067 seconds
[2025-09-24T11:50:40.720+0000] {processor.py:157} INFO - Started process (PID=286) to work on /opt/airflow/dags/traffic_monitoring_dag.py
[2025-09-24T11:50:40.721+0000] {processor.py:829} INFO - Processing file /opt/airflow/dags/traffic_monitoring_dag.py for tasks to queue
[2025-09-24T11:50:40.721+0000] {logging_mixin.py:154} INFO - [2025-09-24T11:50:40.721+0000] {dagbag.py:536} INFO - Filling up the DagBag from /opt/airflow/dags/traffic_monitoring_dag.py
[2025-09-24T11:50:40.748+0000] {processor.py:839} INFO - DAG(s) dict_keys(['traffic_monitoring_pipeline']) retrieved from /opt/airflow/dags/traffic_monitoring_dag.py
[2025-09-24T11:50:40.806+0000] {logging_mixin.py:154} INFO - [2025-09-24T11:50:40.805+0000] {dag.py:2941} INFO - Sync 1 DAGs
[2025-09-24T11:50:40.827+0000] {logging_mixin.py:154} INFO - [2025-09-24T11:50:40.827+0000] {dag.py:3722} INFO - Setting next_dagrun for traffic_monitoring_pipeline to 2025-09-24T09:50:40.827197+00:00, run_after=2025-09-24T11:50:40.827197+00:00
[2025-09-24T11:50:40.889+0000] {processor.py:179} INFO - Processing /opt/airflow/dags/traffic_monitoring_dag.py took 0.171 seconds
[2025-09-24T11:51:11.665+0000] {processor.py:157} INFO - Started process (PID=308) to work on /opt/airflow/dags/traffic_monitoring_dag.py
[2025-09-24T11:51:11.668+0000] {processor.py:829} INFO - Processing file /opt/airflow/dags/traffic_monitoring_dag.py for tasks to queue
[2025-09-24T11:51:11.669+0000] {logging_mixin.py:154} INFO - [2025-09-24T11:51:11.669+0000] {dagbag.py:536} INFO - Filling up the DagBag from /opt/airflow/dags/traffic_monitoring_dag.py
[2025-09-24T11:51:11.682+0000] {processor.py:839} INFO - DAG(s) dict_keys(['traffic_monitoring_pipeline']) retrieved from /opt/airflow/dags/traffic_monitoring_dag.py
[2025-09-24T11:51:11.709+0000] {logging_mixin.py:154} INFO - [2025-09-24T11:51:11.708+0000] {dag.py:2941} INFO - Sync 1 DAGs
[2025-09-24T11:51:11.750+0000] {processor.py:179} INFO - Processing /opt/airflow/dags/traffic_monitoring_dag.py took 0.088 seconds
[2025-09-24T11:51:43.107+0000] {processor.py:157} INFO - Started process (PID=318) to work on /opt/airflow/dags/traffic_monitoring_dag.py
[2025-09-24T11:51:43.112+0000] {processor.py:829} INFO - Processing file /opt/airflow/dags/traffic_monitoring_dag.py for tasks to queue
[2025-09-24T11:51:43.121+0000] {logging_mixin.py:154} INFO - [2025-09-24T11:51:43.118+0000] {dagbag.py:536} INFO - Filling up the DagBag from /opt/airflow/dags/traffic_monitoring_dag.py
[2025-09-24T11:51:43.494+0000] {processor.py:839} INFO - DAG(s) dict_keys(['traffic_monitoring_pipeline']) retrieved from /opt/airflow/dags/traffic_monitoring_dag.py
[2025-09-24T11:51:43.711+0000] {logging_mixin.py:154} INFO - [2025-09-24T11:51:43.710+0000] {dag.py:2941} INFO - Sync 1 DAGs
[2025-09-24T11:51:43.894+0000] {processor.py:179} INFO - Processing /opt/airflow/dags/traffic_monitoring_dag.py took 0.846 seconds
[2025-09-24T14:36:07.005+0000] {processor.py:157} INFO - Started process (PID=174) to work on /opt/airflow/dags/traffic_monitoring_dag.py
[2025-09-24T14:36:07.006+0000] {processor.py:829} INFO - Processing file /opt/airflow/dags/traffic_monitoring_dag.py for tasks to queue
[2025-09-24T14:36:07.007+0000] {logging_mixin.py:154} INFO - [2025-09-24T14:36:07.007+0000] {dagbag.py:536} INFO - Filling up the DagBag from /opt/airflow/dags/traffic_monitoring_dag.py
[2025-09-24T14:36:07.027+0000] {processor.py:839} INFO - DAG(s) dict_keys(['traffic_monitoring_pipeline']) retrieved from /opt/airflow/dags/traffic_monitoring_dag.py
[2025-09-24T14:36:07.056+0000] {logging_mixin.py:154} INFO - [2025-09-24T14:36:07.056+0000] {dag.py:2941} INFO - Sync 1 DAGs
[2025-09-24T14:36:07.101+0000] {processor.py:179} INFO - Processing /opt/airflow/dags/traffic_monitoring_dag.py took 0.101 seconds
[2025-09-24T14:36:37.394+0000] {processor.py:157} INFO - Started process (PID=248) to work on /opt/airflow/dags/traffic_monitoring_dag.py
[2025-09-24T14:36:37.395+0000] {processor.py:829} INFO - Processing file /opt/airflow/dags/traffic_monitoring_dag.py for tasks to queue
[2025-09-24T14:36:37.396+0000] {logging_mixin.py:154} INFO - [2025-09-24T14:36:37.395+0000] {dagbag.py:536} INFO - Filling up the DagBag from /opt/airflow/dags/traffic_monitoring_dag.py
[2025-09-24T14:36:37.408+0000] {processor.py:839} INFO - DAG(s) dict_keys(['traffic_monitoring_pipeline']) retrieved from /opt/airflow/dags/traffic_monitoring_dag.py
[2025-09-24T14:36:37.429+0000] {logging_mixin.py:154} INFO - [2025-09-24T14:36:37.429+0000] {dag.py:2941} INFO - Sync 1 DAGs
[2025-09-24T14:36:37.470+0000] {processor.py:179} INFO - Processing /opt/airflow/dags/traffic_monitoring_dag.py took 0.078 seconds
[2025-09-24T14:37:07.662+0000] {processor.py:157} INFO - Started process (PID=271) to work on /opt/airflow/dags/traffic_monitoring_dag.py
[2025-09-24T14:37:07.663+0000] {processor.py:829} INFO - Processing file /opt/airflow/dags/traffic_monitoring_dag.py for tasks to queue
[2025-09-24T14:37:07.664+0000] {logging_mixin.py:154} INFO - [2025-09-24T14:37:07.664+0000] {dagbag.py:536} INFO - Filling up the DagBag from /opt/airflow/dags/traffic_monitoring_dag.py
[2025-09-24T14:37:07.685+0000] {processor.py:839} INFO - DAG(s) dict_keys(['traffic_monitoring_pipeline']) retrieved from /opt/airflow/dags/traffic_monitoring_dag.py
[2025-09-24T14:37:07.721+0000] {logging_mixin.py:154} INFO - [2025-09-24T14:37:07.721+0000] {dag.py:2941} INFO - Sync 1 DAGs
[2025-09-24T14:37:07.781+0000] {processor.py:179} INFO - Processing /opt/airflow/dags/traffic_monitoring_dag.py took 0.121 seconds
[2025-09-24T14:37:38.104+0000] {processor.py:157} INFO - Started process (PID=289) to work on /opt/airflow/dags/traffic_monitoring_dag.py
[2025-09-24T14:37:38.105+0000] {processor.py:829} INFO - Processing file /opt/airflow/dags/traffic_monitoring_dag.py for tasks to queue
[2025-09-24T14:37:38.106+0000] {logging_mixin.py:154} INFO - [2025-09-24T14:37:38.106+0000] {dagbag.py:536} INFO - Filling up the DagBag from /opt/airflow/dags/traffic_monitoring_dag.py
[2025-09-24T14:37:38.120+0000] {processor.py:839} INFO - DAG(s) dict_keys(['traffic_monitoring_pipeline']) retrieved from /opt/airflow/dags/traffic_monitoring_dag.py
[2025-09-24T14:37:38.142+0000] {logging_mixin.py:154} INFO - [2025-09-24T14:37:38.142+0000] {dag.py:2941} INFO - Sync 1 DAGs
[2025-09-24T14:37:38.179+0000] {processor.py:179} INFO - Processing /opt/airflow/dags/traffic_monitoring_dag.py took 0.078 seconds
[2025-09-24T14:39:02.564+0000] {processor.py:157} INFO - Started process (PID=175) to work on /opt/airflow/dags/traffic_monitoring_dag.py
[2025-09-24T14:39:02.565+0000] {processor.py:829} INFO - Processing file /opt/airflow/dags/traffic_monitoring_dag.py for tasks to queue
[2025-09-24T14:39:02.566+0000] {logging_mixin.py:154} INFO - [2025-09-24T14:39:02.565+0000] {dagbag.py:536} INFO - Filling up the DagBag from /opt/airflow/dags/traffic_monitoring_dag.py
[2025-09-24T14:39:02.580+0000] {processor.py:839} INFO - DAG(s) dict_keys(['traffic_monitoring_pipeline']) retrieved from /opt/airflow/dags/traffic_monitoring_dag.py
[2025-09-24T14:39:02.604+0000] {logging_mixin.py:154} INFO - [2025-09-24T14:39:02.604+0000] {dag.py:2941} INFO - Sync 1 DAGs
[2025-09-24T14:39:02.643+0000] {processor.py:179} INFO - Processing /opt/airflow/dags/traffic_monitoring_dag.py took 0.082 seconds
[2025-09-24T14:39:33.123+0000] {processor.py:157} INFO - Started process (PID=248) to work on /opt/airflow/dags/traffic_monitoring_dag.py
[2025-09-24T14:39:33.124+0000] {processor.py:829} INFO - Processing file /opt/airflow/dags/traffic_monitoring_dag.py for tasks to queue
[2025-09-24T14:39:33.126+0000] {logging_mixin.py:154} INFO - [2025-09-24T14:39:33.126+0000] {dagbag.py:536} INFO - Filling up the DagBag from /opt/airflow/dags/traffic_monitoring_dag.py
[2025-09-24T14:39:33.218+0000] {processor.py:839} INFO - DAG(s) dict_keys(['traffic_monitoring_pipeline']) retrieved from /opt/airflow/dags/traffic_monitoring_dag.py
[2025-09-24T14:39:33.279+0000] {logging_mixin.py:154} INFO - [2025-09-24T14:39:33.279+0000] {dag.py:2941} INFO - Sync 1 DAGs
[2025-09-24T14:39:33.460+0000] {processor.py:179} INFO - Processing /opt/airflow/dags/traffic_monitoring_dag.py took 0.341 seconds
[2025-09-24T14:40:03.674+0000] {processor.py:157} INFO - Started process (PID=269) to work on /opt/airflow/dags/traffic_monitoring_dag.py
[2025-09-24T14:40:03.675+0000] {processor.py:829} INFO - Processing file /opt/airflow/dags/traffic_monitoring_dag.py for tasks to queue
[2025-09-24T14:40:03.678+0000] {logging_mixin.py:154} INFO - [2025-09-24T14:40:03.678+0000] {dagbag.py:536} INFO - Filling up the DagBag from /opt/airflow/dags/traffic_monitoring_dag.py
[2025-09-24T14:40:03.757+0000] {processor.py:839} INFO - DAG(s) dict_keys(['traffic_monitoring_pipeline']) retrieved from /opt/airflow/dags/traffic_monitoring_dag.py
[2025-09-24T14:40:03.885+0000] {logging_mixin.py:154} INFO - [2025-09-24T14:40:03.884+0000] {dag.py:2941} INFO - Sync 1 DAGs
[2025-09-24T14:40:03.988+0000] {processor.py:179} INFO - Processing /opt/airflow/dags/traffic_monitoring_dag.py took 0.319 seconds
[2025-09-24T14:40:35.232+0000] {processor.py:157} INFO - Started process (PID=285) to work on /opt/airflow/dags/traffic_monitoring_dag.py
[2025-09-24T14:40:35.236+0000] {processor.py:829} INFO - Processing file /opt/airflow/dags/traffic_monitoring_dag.py for tasks to queue
[2025-09-24T14:40:37.355+0000] {logging_mixin.py:154} INFO - [2025-09-24T14:40:35.296+0000] {dagbag.py:536} INFO - Filling up the DagBag from /opt/airflow/dags/traffic_monitoring_dag.py
[2025-09-24T14:40:38.485+0000] {processor.py:839} INFO - DAG(s) dict_keys(['traffic_monitoring_pipeline']) retrieved from /opt/airflow/dags/traffic_monitoring_dag.py
[2025-09-24T14:40:38.549+0000] {logging_mixin.py:154} INFO - [2025-09-24T14:40:38.549+0000] {dag.py:2941} INFO - Sync 1 DAGs
[2025-09-24T14:40:38.666+0000] {processor.py:179} INFO - Processing /opt/airflow/dags/traffic_monitoring_dag.py took 3.461 seconds
[2025-09-24T14:41:10.265+0000] {processor.py:157} INFO - Started process (PID=301) to work on /opt/airflow/dags/traffic_monitoring_dag.py
[2025-09-24T14:41:10.272+0000] {processor.py:829} INFO - Processing file /opt/airflow/dags/traffic_monitoring_dag.py for tasks to queue
[2025-09-24T14:41:10.284+0000] {logging_mixin.py:154} INFO - [2025-09-24T14:41:10.279+0000] {dagbag.py:536} INFO - Filling up the DagBag from /opt/airflow/dags/traffic_monitoring_dag.py
[2025-09-24T14:41:10.505+0000] {processor.py:839} INFO - DAG(s) dict_keys(['traffic_monitoring_pipeline']) retrieved from /opt/airflow/dags/traffic_monitoring_dag.py
[2025-09-24T14:41:10.643+0000] {logging_mixin.py:154} INFO - [2025-09-24T14:41:10.643+0000] {dag.py:2941} INFO - Sync 1 DAGs
[2025-09-24T14:41:10.754+0000] {processor.py:179} INFO - Processing /opt/airflow/dags/traffic_monitoring_dag.py took 0.550 seconds
[2025-09-24T14:41:41.896+0000] {processor.py:157} INFO - Started process (PID=375) to work on /opt/airflow/dags/traffic_monitoring_dag.py
[2025-09-24T14:41:41.897+0000] {processor.py:829} INFO - Processing file /opt/airflow/dags/traffic_monitoring_dag.py for tasks to queue
[2025-09-24T14:41:41.899+0000] {logging_mixin.py:154} INFO - [2025-09-24T14:41:41.898+0000] {dagbag.py:536} INFO - Filling up the DagBag from /opt/airflow/dags/traffic_monitoring_dag.py
[2025-09-24T14:41:42.166+0000] {processor.py:839} INFO - DAG(s) dict_keys(['traffic_monitoring_pipeline']) retrieved from /opt/airflow/dags/traffic_monitoring_dag.py
[2025-09-24T14:41:42.805+0000] {logging_mixin.py:154} INFO - [2025-09-24T14:41:42.805+0000] {dag.py:2941} INFO - Sync 1 DAGs
[2025-09-24T14:41:43.413+0000] {processor.py:179} INFO - Processing /opt/airflow/dags/traffic_monitoring_dag.py took 1.566 seconds
[2025-09-24T14:42:14.622+0000] {processor.py:157} INFO - Started process (PID=412) to work on /opt/airflow/dags/traffic_monitoring_dag.py
[2025-09-24T14:42:14.624+0000] {processor.py:829} INFO - Processing file /opt/airflow/dags/traffic_monitoring_dag.py for tasks to queue
[2025-09-24T14:42:14.641+0000] {logging_mixin.py:154} INFO - [2025-09-24T14:42:14.626+0000] {dagbag.py:536} INFO - Filling up the DagBag from /opt/airflow/dags/traffic_monitoring_dag.py
[2025-09-24T14:42:14.796+0000] {processor.py:839} INFO - DAG(s) dict_keys(['traffic_monitoring_pipeline']) retrieved from /opt/airflow/dags/traffic_monitoring_dag.py
[2025-09-24T14:42:15.488+0000] {logging_mixin.py:154} INFO - [2025-09-24T14:42:15.487+0000] {dag.py:2941} INFO - Sync 1 DAGs
[2025-09-24T14:42:16.309+0000] {processor.py:179} INFO - Processing /opt/airflow/dags/traffic_monitoring_dag.py took 1.738 seconds
[2025-09-24T14:42:50.153+0000] {processor.py:157} INFO - Started process (PID=450) to work on /opt/airflow/dags/traffic_monitoring_dag.py
[2025-09-24T14:42:50.163+0000] {processor.py:829} INFO - Processing file /opt/airflow/dags/traffic_monitoring_dag.py for tasks to queue
[2025-09-24T14:42:50.352+0000] {logging_mixin.py:154} INFO - [2025-09-24T14:42:50.201+0000] {dagbag.py:536} INFO - Filling up the DagBag from /opt/airflow/dags/traffic_monitoring_dag.py
[2025-09-24T14:42:55.601+0000] {processor.py:839} INFO - DAG(s) dict_keys(['traffic_monitoring_pipeline']) retrieved from /opt/airflow/dags/traffic_monitoring_dag.py
[2025-09-24T14:42:56.813+0000] {logging_mixin.py:154} INFO - [2025-09-24T14:42:56.812+0000] {dag.py:2941} INFO - Sync 1 DAGs
[2025-09-24T14:42:57.392+0000] {logging_mixin.py:154} INFO - [2025-09-24T14:42:57.392+0000] {dag.py:3722} INFO - Setting next_dagrun for traffic_monitoring_pipeline to 2025-09-24T12:42:57.379876+00:00, run_after=2025-09-24T14:42:57.379876+00:00
[2025-09-24T14:42:57.609+0000] {processor.py:179} INFO - Processing /opt/airflow/dags/traffic_monitoring_dag.py took 7.971 seconds
[2025-09-24T14:43:27.899+0000] {processor.py:157} INFO - Started process (PID=521) to work on /opt/airflow/dags/traffic_monitoring_dag.py
[2025-09-24T14:43:27.903+0000] {processor.py:829} INFO - Processing file /opt/airflow/dags/traffic_monitoring_dag.py for tasks to queue
[2025-09-24T14:43:27.904+0000] {logging_mixin.py:154} INFO - [2025-09-24T14:43:27.904+0000] {dagbag.py:536} INFO - Filling up the DagBag from /opt/airflow/dags/traffic_monitoring_dag.py
[2025-09-24T14:43:28.028+0000] {processor.py:839} INFO - DAG(s) dict_keys(['traffic_monitoring_pipeline']) retrieved from /opt/airflow/dags/traffic_monitoring_dag.py
[2025-09-24T14:43:28.247+0000] {logging_mixin.py:154} INFO - [2025-09-24T14:43:28.247+0000] {dag.py:2941} INFO - Sync 1 DAGs
[2025-09-24T14:43:28.363+0000] {logging_mixin.py:154} INFO - [2025-09-24T14:43:28.363+0000] {dag.py:3722} INFO - Setting next_dagrun for traffic_monitoring_pipeline to 2025-09-24T14:42:57.379876+00:00, run_after=2025-09-24T16:42:57.379876+00:00
[2025-09-24T14:43:28.849+0000] {processor.py:179} INFO - Processing /opt/airflow/dags/traffic_monitoring_dag.py took 0.987 seconds
[2025-09-24T14:43:59.138+0000] {processor.py:157} INFO - Started process (PID=537) to work on /opt/airflow/dags/traffic_monitoring_dag.py
[2025-09-24T14:43:59.139+0000] {processor.py:829} INFO - Processing file /opt/airflow/dags/traffic_monitoring_dag.py for tasks to queue
[2025-09-24T14:43:59.141+0000] {logging_mixin.py:154} INFO - [2025-09-24T14:43:59.140+0000] {dagbag.py:536} INFO - Filling up the DagBag from /opt/airflow/dags/traffic_monitoring_dag.py
[2025-09-24T14:43:59.160+0000] {processor.py:839} INFO - DAG(s) dict_keys(['traffic_monitoring_pipeline']) retrieved from /opt/airflow/dags/traffic_monitoring_dag.py
[2025-09-24T14:43:59.188+0000] {logging_mixin.py:154} INFO - [2025-09-24T14:43:59.188+0000] {dag.py:2941} INFO - Sync 1 DAGs
[2025-09-24T14:43:59.208+0000] {logging_mixin.py:154} INFO - [2025-09-24T14:43:59.208+0000] {dag.py:3722} INFO - Setting next_dagrun for traffic_monitoring_pipeline to 2025-09-24T14:42:57.379876+00:00, run_after=2025-09-24T16:42:57.379876+00:00
[2025-09-24T14:43:59.237+0000] {processor.py:179} INFO - Processing /opt/airflow/dags/traffic_monitoring_dag.py took 0.103 seconds
[2025-09-24T14:44:29.365+0000] {processor.py:157} INFO - Started process (PID=553) to work on /opt/airflow/dags/traffic_monitoring_dag.py
[2025-09-24T14:44:29.366+0000] {processor.py:829} INFO - Processing file /opt/airflow/dags/traffic_monitoring_dag.py for tasks to queue
[2025-09-24T14:44:29.367+0000] {logging_mixin.py:154} INFO - [2025-09-24T14:44:29.367+0000] {dagbag.py:536} INFO - Filling up the DagBag from /opt/airflow/dags/traffic_monitoring_dag.py
[2025-09-24T14:44:29.381+0000] {processor.py:839} INFO - DAG(s) dict_keys(['traffic_monitoring_pipeline']) retrieved from /opt/airflow/dags/traffic_monitoring_dag.py
[2025-09-24T14:44:29.407+0000] {logging_mixin.py:154} INFO - [2025-09-24T14:44:29.407+0000] {dag.py:2941} INFO - Sync 1 DAGs
[2025-09-24T14:44:29.425+0000] {logging_mixin.py:154} INFO - [2025-09-24T14:44:29.424+0000] {dag.py:3722} INFO - Setting next_dagrun for traffic_monitoring_pipeline to 2025-09-24T14:42:57.379876+00:00, run_after=2025-09-24T16:42:57.379876+00:00
[2025-09-24T14:44:29.444+0000] {processor.py:179} INFO - Processing /opt/airflow/dags/traffic_monitoring_dag.py took 0.082 seconds
[2025-09-24T14:45:00.478+0000] {processor.py:157} INFO - Started process (PID=569) to work on /opt/airflow/dags/traffic_monitoring_dag.py
[2025-09-24T14:45:00.479+0000] {processor.py:829} INFO - Processing file /opt/airflow/dags/traffic_monitoring_dag.py for tasks to queue
[2025-09-24T14:45:00.481+0000] {logging_mixin.py:154} INFO - [2025-09-24T14:45:00.480+0000] {dagbag.py:536} INFO - Filling up the DagBag from /opt/airflow/dags/traffic_monitoring_dag.py
[2025-09-24T14:45:00.497+0000] {processor.py:839} INFO - DAG(s) dict_keys(['traffic_monitoring_pipeline']) retrieved from /opt/airflow/dags/traffic_monitoring_dag.py
[2025-09-24T14:45:00.520+0000] {logging_mixin.py:154} INFO - [2025-09-24T14:45:00.520+0000] {dag.py:2941} INFO - Sync 1 DAGs
[2025-09-24T14:45:00.543+0000] {logging_mixin.py:154} INFO - [2025-09-24T14:45:00.543+0000] {dag.py:3722} INFO - Setting next_dagrun for traffic_monitoring_pipeline to 2025-09-24T14:42:57.379876+00:00, run_after=2025-09-24T16:42:57.379876+00:00
[2025-09-24T14:45:00.580+0000] {processor.py:179} INFO - Processing /opt/airflow/dags/traffic_monitoring_dag.py took 0.105 seconds
[2025-09-24T14:48:37.400+0000] {processor.py:157} INFO - Started process (PID=176) to work on /opt/airflow/dags/traffic_monitoring_dag.py
[2025-09-24T14:48:37.401+0000] {processor.py:829} INFO - Processing file /opt/airflow/dags/traffic_monitoring_dag.py for tasks to queue
[2025-09-24T14:48:37.401+0000] {logging_mixin.py:154} INFO - [2025-09-24T14:48:37.401+0000] {dagbag.py:536} INFO - Filling up the DagBag from /opt/airflow/dags/traffic_monitoring_dag.py
[2025-09-24T14:48:37.416+0000] {processor.py:839} INFO - DAG(s) dict_keys(['traffic_monitoring_pipeline']) retrieved from /opt/airflow/dags/traffic_monitoring_dag.py
[2025-09-24T14:48:37.437+0000] {logging_mixin.py:154} INFO - [2025-09-24T14:48:37.437+0000] {dag.py:2941} INFO - Sync 1 DAGs
[2025-09-24T14:48:37.455+0000] {logging_mixin.py:154} INFO - [2025-09-24T14:48:37.455+0000] {dag.py:3722} INFO - Setting next_dagrun for traffic_monitoring_pipeline to 2025-09-24T14:42:57.379876+00:00, run_after=2025-09-24T16:42:57.379876+00:00
[2025-09-24T14:48:37.475+0000] {processor.py:179} INFO - Processing /opt/airflow/dags/traffic_monitoring_dag.py took 0.078 seconds
[2025-09-24T14:49:08.373+0000] {processor.py:157} INFO - Started process (PID=253) to work on /opt/airflow/dags/traffic_monitoring_dag.py
[2025-09-24T14:49:08.374+0000] {processor.py:829} INFO - Processing file /opt/airflow/dags/traffic_monitoring_dag.py for tasks to queue
[2025-09-24T14:49:08.942+0000] {logging_mixin.py:154} INFO - [2025-09-24T14:49:08.942+0000] {dagbag.py:536} INFO - Filling up the DagBag from /opt/airflow/dags/traffic_monitoring_dag.py
[2025-09-24T14:49:09.065+0000] {processor.py:839} INFO - DAG(s) dict_keys(['traffic_monitoring_pipeline']) retrieved from /opt/airflow/dags/traffic_monitoring_dag.py
[2025-09-24T14:49:09.120+0000] {logging_mixin.py:154} INFO - [2025-09-24T14:49:09.119+0000] {dag.py:2941} INFO - Sync 1 DAGs
[2025-09-24T14:49:09.185+0000] {logging_mixin.py:154} INFO - [2025-09-24T14:49:09.185+0000] {dag.py:3722} INFO - Setting next_dagrun for traffic_monitoring_pipeline to 2025-09-24T14:42:57.379876+00:00, run_after=2025-09-24T16:42:57.379876+00:00
[2025-09-24T14:49:09.223+0000] {processor.py:179} INFO - Processing /opt/airflow/dags/traffic_monitoring_dag.py took 0.861 seconds
[2025-09-24T14:49:40.182+0000] {processor.py:157} INFO - Started process (PID=269) to work on /opt/airflow/dags/traffic_monitoring_dag.py
[2025-09-24T14:49:40.183+0000] {processor.py:829} INFO - Processing file /opt/airflow/dags/traffic_monitoring_dag.py for tasks to queue
[2025-09-24T14:49:40.274+0000] {logging_mixin.py:154} INFO - [2025-09-24T14:49:40.183+0000] {dagbag.py:536} INFO - Filling up the DagBag from /opt/airflow/dags/traffic_monitoring_dag.py
[2025-09-24T14:49:40.659+0000] {processor.py:839} INFO - DAG(s) dict_keys(['traffic_monitoring_pipeline']) retrieved from /opt/airflow/dags/traffic_monitoring_dag.py
[2025-09-24T14:49:41.221+0000] {logging_mixin.py:154} INFO - [2025-09-24T14:49:41.220+0000] {dag.py:2941} INFO - Sync 1 DAGs
[2025-09-24T14:49:41.508+0000] {logging_mixin.py:154} INFO - [2025-09-24T14:49:41.508+0000] {dag.py:3722} INFO - Setting next_dagrun for traffic_monitoring_pipeline to 2025-09-24T14:42:57.379876+00:00, run_after=2025-09-24T16:42:57.379876+00:00
[2025-09-24T14:49:41.545+0000] {processor.py:179} INFO - Processing /opt/airflow/dags/traffic_monitoring_dag.py took 1.369 seconds
[2025-09-24T14:50:12.523+0000] {processor.py:157} INFO - Started process (PID=285) to work on /opt/airflow/dags/traffic_monitoring_dag.py
[2025-09-24T14:50:12.525+0000] {processor.py:829} INFO - Processing file /opt/airflow/dags/traffic_monitoring_dag.py for tasks to queue
[2025-09-24T14:50:12.525+0000] {logging_mixin.py:154} INFO - [2025-09-24T14:50:12.525+0000] {dagbag.py:536} INFO - Filling up the DagBag from /opt/airflow/dags/traffic_monitoring_dag.py
[2025-09-24T14:50:12.560+0000] {processor.py:839} INFO - DAG(s) dict_keys(['traffic_monitoring_pipeline']) retrieved from /opt/airflow/dags/traffic_monitoring_dag.py
[2025-09-24T14:50:12.601+0000] {logging_mixin.py:154} INFO - [2025-09-24T14:50:12.601+0000] {dag.py:2941} INFO - Sync 1 DAGs
[2025-09-24T14:50:12.622+0000] {logging_mixin.py:154} INFO - [2025-09-24T14:50:12.622+0000] {dag.py:3722} INFO - Setting next_dagrun for traffic_monitoring_pipeline to 2025-09-24T14:42:57.379876+00:00, run_after=2025-09-24T16:42:57.379876+00:00
[2025-09-24T14:50:12.641+0000] {processor.py:179} INFO - Processing /opt/airflow/dags/traffic_monitoring_dag.py took 0.121 seconds
[2025-09-24T14:50:42.848+0000] {processor.py:157} INFO - Started process (PID=323) to work on /opt/airflow/dags/traffic_monitoring_dag.py
[2025-09-24T14:50:42.856+0000] {processor.py:829} INFO - Processing file /opt/airflow/dags/traffic_monitoring_dag.py for tasks to queue
[2025-09-24T14:50:42.863+0000] {logging_mixin.py:154} INFO - [2025-09-24T14:50:42.861+0000] {dagbag.py:536} INFO - Filling up the DagBag from /opt/airflow/dags/traffic_monitoring_dag.py
[2025-09-24T14:50:43.072+0000] {processor.py:839} INFO - DAG(s) dict_keys(['traffic_monitoring_pipeline']) retrieved from /opt/airflow/dags/traffic_monitoring_dag.py
[2025-09-24T14:50:43.275+0000] {logging_mixin.py:154} INFO - [2025-09-24T14:50:43.275+0000] {dag.py:2941} INFO - Sync 1 DAGs
[2025-09-24T14:50:43.495+0000] {processor.py:179} INFO - Processing /opt/airflow/dags/traffic_monitoring_dag.py took 0.700 seconds
[2025-09-24T14:51:14.471+0000] {processor.py:157} INFO - Started process (PID=357) to work on /opt/airflow/dags/traffic_monitoring_dag.py
[2025-09-24T14:51:14.472+0000] {processor.py:829} INFO - Processing file /opt/airflow/dags/traffic_monitoring_dag.py for tasks to queue
[2025-09-24T14:51:14.473+0000] {logging_mixin.py:154} INFO - [2025-09-24T14:51:14.473+0000] {dagbag.py:536} INFO - Filling up the DagBag from /opt/airflow/dags/traffic_monitoring_dag.py
[2025-09-24T14:51:14.500+0000] {processor.py:839} INFO - DAG(s) dict_keys(['traffic_monitoring_pipeline']) retrieved from /opt/airflow/dags/traffic_monitoring_dag.py
[2025-09-24T14:51:14.547+0000] {logging_mixin.py:154} INFO - [2025-09-24T14:51:14.547+0000] {dag.py:2941} INFO - Sync 1 DAGs
[2025-09-24T14:51:14.581+0000] {logging_mixin.py:154} INFO - [2025-09-24T14:51:14.581+0000] {dag.py:3722} INFO - Setting next_dagrun for traffic_monitoring_pipeline to 2025-09-24T14:42:57.379876+00:00, run_after=2025-09-24T16:42:57.379876+00:00
[2025-09-24T14:51:14.601+0000] {processor.py:179} INFO - Processing /opt/airflow/dags/traffic_monitoring_dag.py took 0.134 seconds
[2025-09-24T14:51:45.371+0000] {processor.py:157} INFO - Started process (PID=373) to work on /opt/airflow/dags/traffic_monitoring_dag.py
[2025-09-24T14:51:45.373+0000] {processor.py:829} INFO - Processing file /opt/airflow/dags/traffic_monitoring_dag.py for tasks to queue
[2025-09-24T14:51:45.374+0000] {logging_mixin.py:154} INFO - [2025-09-24T14:51:45.373+0000] {dagbag.py:536} INFO - Filling up the DagBag from /opt/airflow/dags/traffic_monitoring_dag.py
[2025-09-24T14:51:45.392+0000] {processor.py:839} INFO - DAG(s) dict_keys(['traffic_monitoring_pipeline']) retrieved from /opt/airflow/dags/traffic_monitoring_dag.py
[2025-09-24T14:51:45.414+0000] {logging_mixin.py:154} INFO - [2025-09-24T14:51:45.414+0000] {dag.py:2941} INFO - Sync 1 DAGs
[2025-09-24T14:51:45.436+0000] {logging_mixin.py:154} INFO - [2025-09-24T14:51:45.436+0000] {dag.py:3722} INFO - Setting next_dagrun for traffic_monitoring_pipeline to 2025-09-24T14:42:57.379876+00:00, run_after=2025-09-24T16:42:57.379876+00:00
[2025-09-24T14:51:45.457+0000] {processor.py:179} INFO - Processing /opt/airflow/dags/traffic_monitoring_dag.py took 0.090 seconds
[2025-09-24T14:52:15.662+0000] {processor.py:157} INFO - Started process (PID=389) to work on /opt/airflow/dags/traffic_monitoring_dag.py
[2025-09-24T14:52:15.663+0000] {processor.py:829} INFO - Processing file /opt/airflow/dags/traffic_monitoring_dag.py for tasks to queue
[2025-09-24T14:52:15.663+0000] {logging_mixin.py:154} INFO - [2025-09-24T14:52:15.663+0000] {dagbag.py:536} INFO - Filling up the DagBag from /opt/airflow/dags/traffic_monitoring_dag.py
[2025-09-24T14:52:15.679+0000] {processor.py:839} INFO - DAG(s) dict_keys(['traffic_monitoring_pipeline']) retrieved from /opt/airflow/dags/traffic_monitoring_dag.py
[2025-09-24T14:52:15.703+0000] {logging_mixin.py:154} INFO - [2025-09-24T14:52:15.703+0000] {dag.py:2941} INFO - Sync 1 DAGs
[2025-09-24T14:52:15.725+0000] {logging_mixin.py:154} INFO - [2025-09-24T14:52:15.725+0000] {dag.py:3722} INFO - Setting next_dagrun for traffic_monitoring_pipeline to 2025-09-24T14:42:57.379876+00:00, run_after=2025-09-24T16:42:57.379876+00:00
[2025-09-24T14:52:15.743+0000] {processor.py:179} INFO - Processing /opt/airflow/dags/traffic_monitoring_dag.py took 0.084 seconds
[2025-09-24T14:52:46.711+0000] {processor.py:157} INFO - Started process (PID=405) to work on /opt/airflow/dags/traffic_monitoring_dag.py
[2025-09-24T14:52:46.712+0000] {processor.py:829} INFO - Processing file /opt/airflow/dags/traffic_monitoring_dag.py for tasks to queue
[2025-09-24T14:52:46.713+0000] {logging_mixin.py:154} INFO - [2025-09-24T14:52:46.713+0000] {dagbag.py:536} INFO - Filling up the DagBag from /opt/airflow/dags/traffic_monitoring_dag.py
[2025-09-24T14:52:46.730+0000] {processor.py:839} INFO - DAG(s) dict_keys(['traffic_monitoring_pipeline']) retrieved from /opt/airflow/dags/traffic_monitoring_dag.py
[2025-09-24T14:52:46.756+0000] {logging_mixin.py:154} INFO - [2025-09-24T14:52:46.756+0000] {dag.py:2941} INFO - Sync 1 DAGs
[2025-09-24T14:52:46.777+0000] {logging_mixin.py:154} INFO - [2025-09-24T14:52:46.777+0000] {dag.py:3722} INFO - Setting next_dagrun for traffic_monitoring_pipeline to 2025-09-24T14:42:57.379876+00:00, run_after=2025-09-24T16:42:57.379876+00:00
[2025-09-24T14:52:46.799+0000] {processor.py:179} INFO - Processing /opt/airflow/dags/traffic_monitoring_dag.py took 0.090 seconds
[2025-09-24T14:53:17.774+0000] {processor.py:157} INFO - Started process (PID=421) to work on /opt/airflow/dags/traffic_monitoring_dag.py
[2025-09-24T14:53:17.775+0000] {processor.py:829} INFO - Processing file /opt/airflow/dags/traffic_monitoring_dag.py for tasks to queue
[2025-09-24T14:53:17.776+0000] {logging_mixin.py:154} INFO - [2025-09-24T14:53:17.776+0000] {dagbag.py:536} INFO - Filling up the DagBag from /opt/airflow/dags/traffic_monitoring_dag.py
[2025-09-24T14:53:17.796+0000] {processor.py:839} INFO - DAG(s) dict_keys(['traffic_monitoring_pipeline']) retrieved from /opt/airflow/dags/traffic_monitoring_dag.py
[2025-09-24T14:53:17.833+0000] {logging_mixin.py:154} INFO - [2025-09-24T14:53:17.832+0000] {dag.py:2941} INFO - Sync 1 DAGs
[2025-09-24T14:53:17.855+0000] {logging_mixin.py:154} INFO - [2025-09-24T14:53:17.855+0000] {dag.py:3722} INFO - Setting next_dagrun for traffic_monitoring_pipeline to 2025-09-24T14:42:57.379876+00:00, run_after=2025-09-24T16:42:57.379876+00:00
[2025-09-24T14:53:17.877+0000] {processor.py:179} INFO - Processing /opt/airflow/dags/traffic_monitoring_dag.py took 0.105 seconds
[2025-09-24T14:53:48.685+0000] {processor.py:157} INFO - Started process (PID=437) to work on /opt/airflow/dags/traffic_monitoring_dag.py
[2025-09-24T14:53:48.686+0000] {processor.py:829} INFO - Processing file /opt/airflow/dags/traffic_monitoring_dag.py for tasks to queue
[2025-09-24T14:53:48.687+0000] {logging_mixin.py:154} INFO - [2025-09-24T14:53:48.687+0000] {dagbag.py:536} INFO - Filling up the DagBag from /opt/airflow/dags/traffic_monitoring_dag.py
[2025-09-24T14:53:48.702+0000] {processor.py:839} INFO - DAG(s) dict_keys(['traffic_monitoring_pipeline']) retrieved from /opt/airflow/dags/traffic_monitoring_dag.py
[2025-09-24T14:53:48.730+0000] {logging_mixin.py:154} INFO - [2025-09-24T14:53:48.729+0000] {dag.py:2941} INFO - Sync 1 DAGs
[2025-09-24T14:53:48.750+0000] {logging_mixin.py:154} INFO - [2025-09-24T14:53:48.749+0000] {dag.py:3722} INFO - Setting next_dagrun for traffic_monitoring_pipeline to 2025-09-24T14:42:57.379876+00:00, run_after=2025-09-24T16:42:57.379876+00:00
[2025-09-24T14:53:48.774+0000] {processor.py:179} INFO - Processing /opt/airflow/dags/traffic_monitoring_dag.py took 0.092 seconds
[2025-09-24T14:54:19.006+0000] {processor.py:157} INFO - Started process (PID=453) to work on /opt/airflow/dags/traffic_monitoring_dag.py
[2025-09-24T14:54:19.013+0000] {processor.py:829} INFO - Processing file /opt/airflow/dags/traffic_monitoring_dag.py for tasks to queue
[2025-09-24T14:54:19.016+0000] {logging_mixin.py:154} INFO - [2025-09-24T14:54:19.015+0000] {dagbag.py:536} INFO - Filling up the DagBag from /opt/airflow/dags/traffic_monitoring_dag.py
[2025-09-24T14:54:19.081+0000] {processor.py:839} INFO - DAG(s) dict_keys(['traffic_monitoring_pipeline']) retrieved from /opt/airflow/dags/traffic_monitoring_dag.py
[2025-09-24T14:54:19.185+0000] {logging_mixin.py:154} INFO - [2025-09-24T14:54:19.185+0000] {dag.py:2941} INFO - Sync 1 DAGs
[2025-09-24T14:54:19.607+0000] {logging_mixin.py:154} INFO - [2025-09-24T14:54:19.607+0000] {dag.py:3722} INFO - Setting next_dagrun for traffic_monitoring_pipeline to 2025-09-24T14:42:57.379876+00:00, run_after=2025-09-24T16:42:57.379876+00:00
[2025-09-24T14:54:20.038+0000] {processor.py:179} INFO - Processing /opt/airflow/dags/traffic_monitoring_dag.py took 1.054 seconds
[2025-09-24T14:54:50.475+0000] {processor.py:157} INFO - Started process (PID=469) to work on /opt/airflow/dags/traffic_monitoring_dag.py
[2025-09-24T14:54:50.476+0000] {processor.py:829} INFO - Processing file /opt/airflow/dags/traffic_monitoring_dag.py for tasks to queue
[2025-09-24T14:54:50.489+0000] {logging_mixin.py:154} INFO - [2025-09-24T14:54:50.481+0000] {dagbag.py:536} INFO - Filling up the DagBag from /opt/airflow/dags/traffic_monitoring_dag.py
[2025-09-24T14:54:50.866+0000] {processor.py:839} INFO - DAG(s) dict_keys(['traffic_monitoring_pipeline']) retrieved from /opt/airflow/dags/traffic_monitoring_dag.py
[2025-09-24T14:54:51.385+0000] {logging_mixin.py:154} INFO - [2025-09-24T14:54:51.384+0000] {dag.py:2941} INFO - Sync 1 DAGs
[2025-09-24T14:54:51.731+0000] {logging_mixin.py:154} INFO - [2025-09-24T14:54:51.731+0000] {dag.py:3722} INFO - Setting next_dagrun for traffic_monitoring_pipeline to 2025-09-24T14:42:57.379876+00:00, run_after=2025-09-24T16:42:57.379876+00:00
[2025-09-24T14:54:51.876+0000] {processor.py:179} INFO - Processing /opt/airflow/dags/traffic_monitoring_dag.py took 1.482 seconds
[2025-09-24T14:55:22.879+0000] {processor.py:157} INFO - Started process (PID=486) to work on /opt/airflow/dags/traffic_monitoring_dag.py
[2025-09-24T14:55:22.880+0000] {processor.py:829} INFO - Processing file /opt/airflow/dags/traffic_monitoring_dag.py for tasks to queue
[2025-09-24T14:55:22.881+0000] {logging_mixin.py:154} INFO - [2025-09-24T14:55:22.881+0000] {dagbag.py:536} INFO - Filling up the DagBag from /opt/airflow/dags/traffic_monitoring_dag.py
[2025-09-24T14:55:22.911+0000] {processor.py:839} INFO - DAG(s) dict_keys(['traffic_monitoring_pipeline']) retrieved from /opt/airflow/dags/traffic_monitoring_dag.py
[2025-09-24T14:55:22.934+0000] {logging_mixin.py:154} INFO - [2025-09-24T14:55:22.934+0000] {dag.py:2941} INFO - Sync 1 DAGs
[2025-09-24T14:55:22.951+0000] {logging_mixin.py:154} INFO - [2025-09-24T14:55:22.951+0000] {dag.py:3722} INFO - Setting next_dagrun for traffic_monitoring_pipeline to 2025-09-24T14:42:57.379876+00:00, run_after=2025-09-24T16:42:57.379876+00:00
[2025-09-24T14:55:23.011+0000] {processor.py:179} INFO - Processing /opt/airflow/dags/traffic_monitoring_dag.py took 0.135 seconds
[2025-09-24T14:55:53.124+0000] {processor.py:157} INFO - Started process (PID=507) to work on /opt/airflow/dags/traffic_monitoring_dag.py
[2025-09-24T14:55:53.125+0000] {processor.py:829} INFO - Processing file /opt/airflow/dags/traffic_monitoring_dag.py for tasks to queue
[2025-09-24T14:55:53.125+0000] {logging_mixin.py:154} INFO - [2025-09-24T14:55:53.125+0000] {dagbag.py:536} INFO - Filling up the DagBag from /opt/airflow/dags/traffic_monitoring_dag.py
[2025-09-24T14:55:53.140+0000] {processor.py:839} INFO - DAG(s) dict_keys(['traffic_monitoring_pipeline']) retrieved from /opt/airflow/dags/traffic_monitoring_dag.py
[2025-09-24T14:55:53.161+0000] {logging_mixin.py:154} INFO - [2025-09-24T14:55:53.161+0000] {dag.py:2941} INFO - Sync 1 DAGs
[2025-09-24T14:55:53.182+0000] {logging_mixin.py:154} INFO - [2025-09-24T14:55:53.182+0000] {dag.py:3722} INFO - Setting next_dagrun for traffic_monitoring_pipeline to 2025-09-24T14:42:57.379876+00:00, run_after=2025-09-24T16:42:57.379876+00:00
[2025-09-24T14:55:53.201+0000] {processor.py:179} INFO - Processing /opt/airflow/dags/traffic_monitoring_dag.py took 0.080 seconds
[2025-09-24T14:56:23.333+0000] {processor.py:157} INFO - Started process (PID=517) to work on /opt/airflow/dags/traffic_monitoring_dag.py
[2025-09-24T14:56:23.335+0000] {processor.py:829} INFO - Processing file /opt/airflow/dags/traffic_monitoring_dag.py for tasks to queue
[2025-09-24T14:56:23.336+0000] {logging_mixin.py:154} INFO - [2025-09-24T14:56:23.335+0000] {dagbag.py:536} INFO - Filling up the DagBag from /opt/airflow/dags/traffic_monitoring_dag.py
[2025-09-24T14:56:23.351+0000] {processor.py:839} INFO - DAG(s) dict_keys(['traffic_monitoring_pipeline']) retrieved from /opt/airflow/dags/traffic_monitoring_dag.py
[2025-09-24T14:56:23.374+0000] {logging_mixin.py:154} INFO - [2025-09-24T14:56:23.373+0000] {dag.py:2941} INFO - Sync 1 DAGs
[2025-09-24T14:56:23.395+0000] {logging_mixin.py:154} INFO - [2025-09-24T14:56:23.395+0000] {dag.py:3722} INFO - Setting next_dagrun for traffic_monitoring_pipeline to 2025-09-24T14:42:57.379876+00:00, run_after=2025-09-24T16:42:57.379876+00:00
[2025-09-24T14:56:23.415+0000] {processor.py:179} INFO - Processing /opt/airflow/dags/traffic_monitoring_dag.py took 0.084 seconds
[2025-09-24T14:56:53.570+0000] {processor.py:157} INFO - Started process (PID=533) to work on /opt/airflow/dags/traffic_monitoring_dag.py
[2025-09-24T14:56:53.572+0000] {processor.py:829} INFO - Processing file /opt/airflow/dags/traffic_monitoring_dag.py for tasks to queue
[2025-09-24T14:56:53.573+0000] {logging_mixin.py:154} INFO - [2025-09-24T14:56:53.572+0000] {dagbag.py:536} INFO - Filling up the DagBag from /opt/airflow/dags/traffic_monitoring_dag.py
[2025-09-24T14:56:53.590+0000] {processor.py:839} INFO - DAG(s) dict_keys(['traffic_monitoring_pipeline']) retrieved from /opt/airflow/dags/traffic_monitoring_dag.py
[2025-09-24T14:56:53.617+0000] {logging_mixin.py:154} INFO - [2025-09-24T14:56:53.617+0000] {dag.py:2941} INFO - Sync 1 DAGs
[2025-09-24T14:56:53.638+0000] {logging_mixin.py:154} INFO - [2025-09-24T14:56:53.638+0000] {dag.py:3722} INFO - Setting next_dagrun for traffic_monitoring_pipeline to 2025-09-24T14:42:57.379876+00:00, run_after=2025-09-24T16:42:57.379876+00:00
[2025-09-24T14:56:53.661+0000] {processor.py:179} INFO - Processing /opt/airflow/dags/traffic_monitoring_dag.py took 0.093 seconds
[2025-09-24T14:57:24.507+0000] {processor.py:157} INFO - Started process (PID=544) to work on /opt/airflow/dags/traffic_monitoring_dag.py
[2025-09-24T14:57:24.508+0000] {processor.py:829} INFO - Processing file /opt/airflow/dags/traffic_monitoring_dag.py for tasks to queue
[2025-09-24T14:57:24.509+0000] {logging_mixin.py:154} INFO - [2025-09-24T14:57:24.509+0000] {dagbag.py:536} INFO - Filling up the DagBag from /opt/airflow/dags/traffic_monitoring_dag.py
[2025-09-24T14:57:24.525+0000] {processor.py:839} INFO - DAG(s) dict_keys(['traffic_monitoring_pipeline']) retrieved from /opt/airflow/dags/traffic_monitoring_dag.py
[2025-09-24T14:57:24.553+0000] {logging_mixin.py:154} INFO - [2025-09-24T14:57:24.553+0000] {dag.py:2941} INFO - Sync 1 DAGs
[2025-09-24T14:57:24.573+0000] {logging_mixin.py:154} INFO - [2025-09-24T14:57:24.573+0000] {dag.py:3722} INFO - Setting next_dagrun for traffic_monitoring_pipeline to 2025-09-24T14:42:57.379876+00:00, run_after=2025-09-24T16:42:57.379876+00:00
[2025-09-24T14:57:24.592+0000] {processor.py:179} INFO - Processing /opt/airflow/dags/traffic_monitoring_dag.py took 0.088 seconds
[2025-09-24T14:57:56.099+0000] {processor.py:157} INFO - Started process (PID=560) to work on /opt/airflow/dags/traffic_monitoring_dag.py
[2025-09-24T14:57:56.100+0000] {processor.py:829} INFO - Processing file /opt/airflow/dags/traffic_monitoring_dag.py for tasks to queue
[2025-09-24T14:57:56.101+0000] {logging_mixin.py:154} INFO - [2025-09-24T14:57:56.101+0000] {dagbag.py:536} INFO - Filling up the DagBag from /opt/airflow/dags/traffic_monitoring_dag.py
[2025-09-24T14:57:56.119+0000] {processor.py:839} INFO - DAG(s) dict_keys(['traffic_monitoring_pipeline']) retrieved from /opt/airflow/dags/traffic_monitoring_dag.py
[2025-09-24T14:57:56.146+0000] {logging_mixin.py:154} INFO - [2025-09-24T14:57:56.146+0000] {dag.py:2941} INFO - Sync 1 DAGs
[2025-09-24T14:57:56.167+0000] {logging_mixin.py:154} INFO - [2025-09-24T14:57:56.166+0000] {dag.py:3722} INFO - Setting next_dagrun for traffic_monitoring_pipeline to 2025-09-24T14:42:57.379876+00:00, run_after=2025-09-24T16:42:57.379876+00:00
[2025-09-24T14:57:56.189+0000] {processor.py:179} INFO - Processing /opt/airflow/dags/traffic_monitoring_dag.py took 0.095 seconds
[2025-09-24T14:58:26.406+0000] {processor.py:157} INFO - Started process (PID=576) to work on /opt/airflow/dags/traffic_monitoring_dag.py
[2025-09-24T14:58:26.407+0000] {processor.py:829} INFO - Processing file /opt/airflow/dags/traffic_monitoring_dag.py for tasks to queue
[2025-09-24T14:58:26.407+0000] {logging_mixin.py:154} INFO - [2025-09-24T14:58:26.407+0000] {dagbag.py:536} INFO - Filling up the DagBag from /opt/airflow/dags/traffic_monitoring_dag.py
[2025-09-24T14:58:26.426+0000] {processor.py:839} INFO - DAG(s) dict_keys(['traffic_monitoring_pipeline']) retrieved from /opt/airflow/dags/traffic_monitoring_dag.py
[2025-09-24T14:58:26.453+0000] {logging_mixin.py:154} INFO - [2025-09-24T14:58:26.452+0000] {dag.py:2941} INFO - Sync 1 DAGs
[2025-09-24T14:58:26.474+0000] {logging_mixin.py:154} INFO - [2025-09-24T14:58:26.474+0000] {dag.py:3722} INFO - Setting next_dagrun for traffic_monitoring_pipeline to 2025-09-24T14:42:57.379876+00:00, run_after=2025-09-24T16:42:57.379876+00:00
[2025-09-24T14:58:26.496+0000] {processor.py:179} INFO - Processing /opt/airflow/dags/traffic_monitoring_dag.py took 0.093 seconds
[2025-09-24T14:58:57.658+0000] {processor.py:157} INFO - Started process (PID=592) to work on /opt/airflow/dags/traffic_monitoring_dag.py
[2025-09-24T14:58:57.659+0000] {processor.py:829} INFO - Processing file /opt/airflow/dags/traffic_monitoring_dag.py for tasks to queue
[2025-09-24T14:58:57.660+0000] {logging_mixin.py:154} INFO - [2025-09-24T14:58:57.660+0000] {dagbag.py:536} INFO - Filling up the DagBag from /opt/airflow/dags/traffic_monitoring_dag.py
[2025-09-24T14:58:57.676+0000] {processor.py:839} INFO - DAG(s) dict_keys(['traffic_monitoring_pipeline']) retrieved from /opt/airflow/dags/traffic_monitoring_dag.py
[2025-09-24T14:58:57.700+0000] {logging_mixin.py:154} INFO - [2025-09-24T14:58:57.700+0000] {dag.py:2941} INFO - Sync 1 DAGs
[2025-09-24T14:58:57.719+0000] {logging_mixin.py:154} INFO - [2025-09-24T14:58:57.718+0000] {dag.py:3722} INFO - Setting next_dagrun for traffic_monitoring_pipeline to 2025-09-24T14:42:57.379876+00:00, run_after=2025-09-24T16:42:57.379876+00:00
[2025-09-24T14:58:57.739+0000] {processor.py:179} INFO - Processing /opt/airflow/dags/traffic_monitoring_dag.py took 0.084 seconds
[2025-09-24T14:59:29.681+0000] {processor.py:157} INFO - Started process (PID=608) to work on /opt/airflow/dags/traffic_monitoring_dag.py
[2025-09-24T14:59:29.682+0000] {processor.py:829} INFO - Processing file /opt/airflow/dags/traffic_monitoring_dag.py for tasks to queue
[2025-09-24T14:59:29.683+0000] {logging_mixin.py:154} INFO - [2025-09-24T14:59:29.683+0000] {dagbag.py:536} INFO - Filling up the DagBag from /opt/airflow/dags/traffic_monitoring_dag.py
[2025-09-24T14:59:29.700+0000] {processor.py:839} INFO - DAG(s) dict_keys(['traffic_monitoring_pipeline']) retrieved from /opt/airflow/dags/traffic_monitoring_dag.py
[2025-09-24T14:59:29.727+0000] {logging_mixin.py:154} INFO - [2025-09-24T14:59:29.727+0000] {dag.py:2941} INFO - Sync 1 DAGs
[2025-09-24T14:59:29.747+0000] {logging_mixin.py:154} INFO - [2025-09-24T14:59:29.747+0000] {dag.py:3722} INFO - Setting next_dagrun for traffic_monitoring_pipeline to 2025-09-24T14:42:57.379876+00:00, run_after=2025-09-24T16:42:57.379876+00:00
[2025-09-24T14:59:29.765+0000] {processor.py:179} INFO - Processing /opt/airflow/dags/traffic_monitoring_dag.py took 0.087 seconds
[2025-09-24T15:00:02.697+0000] {processor.py:157} INFO - Started process (PID=624) to work on /opt/airflow/dags/traffic_monitoring_dag.py
[2025-09-24T15:00:02.698+0000] {processor.py:829} INFO - Processing file /opt/airflow/dags/traffic_monitoring_dag.py for tasks to queue
[2025-09-24T15:00:02.699+0000] {logging_mixin.py:154} INFO - [2025-09-24T15:00:02.699+0000] {dagbag.py:536} INFO - Filling up the DagBag from /opt/airflow/dags/traffic_monitoring_dag.py
[2025-09-24T15:00:02.716+0000] {processor.py:839} INFO - DAG(s) dict_keys(['traffic_monitoring_pipeline']) retrieved from /opt/airflow/dags/traffic_monitoring_dag.py
[2025-09-24T15:00:02.744+0000] {logging_mixin.py:154} INFO - [2025-09-24T15:00:02.744+0000] {dag.py:2941} INFO - Sync 1 DAGs
[2025-09-24T15:00:02.765+0000] {logging_mixin.py:154} INFO - [2025-09-24T15:00:02.764+0000] {dag.py:3722} INFO - Setting next_dagrun for traffic_monitoring_pipeline to 2025-09-24T14:42:57.379876+00:00, run_after=2025-09-24T16:42:57.379876+00:00
[2025-09-24T15:00:02.784+0000] {processor.py:179} INFO - Processing /opt/airflow/dags/traffic_monitoring_dag.py took 0.089 seconds
[2025-09-24T15:00:33.994+0000] {processor.py:157} INFO - Started process (PID=640) to work on /opt/airflow/dags/traffic_monitoring_dag.py
[2025-09-24T15:00:33.995+0000] {processor.py:829} INFO - Processing file /opt/airflow/dags/traffic_monitoring_dag.py for tasks to queue
[2025-09-24T15:00:33.997+0000] {logging_mixin.py:154} INFO - [2025-09-24T15:00:33.996+0000] {dagbag.py:536} INFO - Filling up the DagBag from /opt/airflow/dags/traffic_monitoring_dag.py
[2025-09-24T15:00:34.018+0000] {processor.py:839} INFO - DAG(s) dict_keys(['traffic_monitoring_pipeline']) retrieved from /opt/airflow/dags/traffic_monitoring_dag.py
[2025-09-24T15:00:34.049+0000] {logging_mixin.py:154} INFO - [2025-09-24T15:00:34.049+0000] {dag.py:2941} INFO - Sync 1 DAGs
[2025-09-24T15:00:34.074+0000] {logging_mixin.py:154} INFO - [2025-09-24T15:00:34.074+0000] {dag.py:3722} INFO - Setting next_dagrun for traffic_monitoring_pipeline to 2025-09-24T14:42:57.379876+00:00, run_after=2025-09-24T16:42:57.379876+00:00
[2025-09-24T15:00:34.095+0000] {processor.py:179} INFO - Processing /opt/airflow/dags/traffic_monitoring_dag.py took 0.104 seconds
[2025-09-24T15:01:04.233+0000] {processor.py:157} INFO - Started process (PID=656) to work on /opt/airflow/dags/traffic_monitoring_dag.py
[2025-09-24T15:01:04.234+0000] {processor.py:829} INFO - Processing file /opt/airflow/dags/traffic_monitoring_dag.py for tasks to queue
[2025-09-24T15:01:04.235+0000] {logging_mixin.py:154} INFO - [2025-09-24T15:01:04.235+0000] {dagbag.py:536} INFO - Filling up the DagBag from /opt/airflow/dags/traffic_monitoring_dag.py
[2025-09-24T15:01:04.250+0000] {processor.py:839} INFO - DAG(s) dict_keys(['traffic_monitoring_pipeline']) retrieved from /opt/airflow/dags/traffic_monitoring_dag.py
[2025-09-24T15:01:04.279+0000] {logging_mixin.py:154} INFO - [2025-09-24T15:01:04.279+0000] {dag.py:2941} INFO - Sync 1 DAGs
[2025-09-24T15:01:04.302+0000] {logging_mixin.py:154} INFO - [2025-09-24T15:01:04.302+0000] {dag.py:3722} INFO - Setting next_dagrun for traffic_monitoring_pipeline to 2025-09-24T14:42:57.379876+00:00, run_after=2025-09-24T16:42:57.379876+00:00
[2025-09-24T15:01:04.323+0000] {processor.py:179} INFO - Processing /opt/airflow/dags/traffic_monitoring_dag.py took 0.092 seconds
[2025-09-24T15:01:35.167+0000] {processor.py:157} INFO - Started process (PID=672) to work on /opt/airflow/dags/traffic_monitoring_dag.py
[2025-09-24T15:01:35.168+0000] {processor.py:829} INFO - Processing file /opt/airflow/dags/traffic_monitoring_dag.py for tasks to queue
[2025-09-24T15:01:35.169+0000] {logging_mixin.py:154} INFO - [2025-09-24T15:01:35.169+0000] {dagbag.py:536} INFO - Filling up the DagBag from /opt/airflow/dags/traffic_monitoring_dag.py
[2025-09-24T15:01:35.186+0000] {processor.py:839} INFO - DAG(s) dict_keys(['traffic_monitoring_pipeline']) retrieved from /opt/airflow/dags/traffic_monitoring_dag.py
[2025-09-24T15:01:35.211+0000] {logging_mixin.py:154} INFO - [2025-09-24T15:01:35.211+0000] {dag.py:2941} INFO - Sync 1 DAGs
[2025-09-24T15:01:35.231+0000] {logging_mixin.py:154} INFO - [2025-09-24T15:01:35.231+0000] {dag.py:3722} INFO - Setting next_dagrun for traffic_monitoring_pipeline to 2025-09-24T14:42:57.379876+00:00, run_after=2025-09-24T16:42:57.379876+00:00
[2025-09-24T15:01:35.253+0000] {processor.py:179} INFO - Processing /opt/airflow/dags/traffic_monitoring_dag.py took 0.089 seconds
[2025-09-24T15:02:06.668+0000] {processor.py:157} INFO - Started process (PID=688) to work on /opt/airflow/dags/traffic_monitoring_dag.py
[2025-09-24T15:02:06.669+0000] {processor.py:829} INFO - Processing file /opt/airflow/dags/traffic_monitoring_dag.py for tasks to queue
[2025-09-24T15:02:06.669+0000] {logging_mixin.py:154} INFO - [2025-09-24T15:02:06.669+0000] {dagbag.py:536} INFO - Filling up the DagBag from /opt/airflow/dags/traffic_monitoring_dag.py
[2025-09-24T15:02:06.685+0000] {processor.py:839} INFO - DAG(s) dict_keys(['traffic_monitoring_pipeline']) retrieved from /opt/airflow/dags/traffic_monitoring_dag.py
[2025-09-24T15:02:06.707+0000] {logging_mixin.py:154} INFO - [2025-09-24T15:02:06.707+0000] {dag.py:2941} INFO - Sync 1 DAGs
[2025-09-24T15:02:06.727+0000] {logging_mixin.py:154} INFO - [2025-09-24T15:02:06.727+0000] {dag.py:3722} INFO - Setting next_dagrun for traffic_monitoring_pipeline to 2025-09-24T14:42:57.379876+00:00, run_after=2025-09-24T16:42:57.379876+00:00
[2025-09-24T15:02:06.745+0000] {processor.py:179} INFO - Processing /opt/airflow/dags/traffic_monitoring_dag.py took 0.079 seconds
[2025-09-24T15:02:39.653+0000] {processor.py:157} INFO - Started process (PID=704) to work on /opt/airflow/dags/traffic_monitoring_dag.py
[2025-09-24T15:02:39.655+0000] {processor.py:829} INFO - Processing file /opt/airflow/dags/traffic_monitoring_dag.py for tasks to queue
[2025-09-24T15:02:39.656+0000] {logging_mixin.py:154} INFO - [2025-09-24T15:02:39.655+0000] {dagbag.py:536} INFO - Filling up the DagBag from /opt/airflow/dags/traffic_monitoring_dag.py
[2025-09-24T15:02:39.675+0000] {processor.py:839} INFO - DAG(s) dict_keys(['traffic_monitoring_pipeline']) retrieved from /opt/airflow/dags/traffic_monitoring_dag.py
[2025-09-24T15:02:39.703+0000] {logging_mixin.py:154} INFO - [2025-09-24T15:02:39.703+0000] {dag.py:2941} INFO - Sync 1 DAGs
[2025-09-24T15:02:39.725+0000] {logging_mixin.py:154} INFO - [2025-09-24T15:02:39.724+0000] {dag.py:3722} INFO - Setting next_dagrun for traffic_monitoring_pipeline to 2025-09-24T14:42:57.379876+00:00, run_after=2025-09-24T16:42:57.379876+00:00
[2025-09-24T15:02:39.746+0000] {processor.py:179} INFO - Processing /opt/airflow/dags/traffic_monitoring_dag.py took 0.097 seconds
[2025-09-24T15:03:09.849+0000] {processor.py:157} INFO - Started process (PID=720) to work on /opt/airflow/dags/traffic_monitoring_dag.py
[2025-09-24T15:03:09.851+0000] {processor.py:829} INFO - Processing file /opt/airflow/dags/traffic_monitoring_dag.py for tasks to queue
[2025-09-24T15:03:09.852+0000] {logging_mixin.py:154} INFO - [2025-09-24T15:03:09.851+0000] {dagbag.py:536} INFO - Filling up the DagBag from /opt/airflow/dags/traffic_monitoring_dag.py
[2025-09-24T15:03:09.869+0000] {processor.py:839} INFO - DAG(s) dict_keys(['traffic_monitoring_pipeline']) retrieved from /opt/airflow/dags/traffic_monitoring_dag.py
[2025-09-24T15:03:09.895+0000] {logging_mixin.py:154} INFO - [2025-09-24T15:03:09.895+0000] {dag.py:2941} INFO - Sync 1 DAGs
[2025-09-24T15:03:09.917+0000] {logging_mixin.py:154} INFO - [2025-09-24T15:03:09.917+0000] {dag.py:3722} INFO - Setting next_dagrun for traffic_monitoring_pipeline to 2025-09-24T14:42:57.379876+00:00, run_after=2025-09-24T16:42:57.379876+00:00
[2025-09-24T15:03:09.939+0000] {processor.py:179} INFO - Processing /opt/airflow/dags/traffic_monitoring_dag.py took 0.094 seconds
[2025-09-24T15:03:40.772+0000] {processor.py:157} INFO - Started process (PID=736) to work on /opt/airflow/dags/traffic_monitoring_dag.py
[2025-09-24T15:03:40.773+0000] {processor.py:829} INFO - Processing file /opt/airflow/dags/traffic_monitoring_dag.py for tasks to queue
[2025-09-24T15:03:40.774+0000] {logging_mixin.py:154} INFO - [2025-09-24T15:03:40.774+0000] {dagbag.py:536} INFO - Filling up the DagBag from /opt/airflow/dags/traffic_monitoring_dag.py
[2025-09-24T15:03:40.791+0000] {processor.py:839} INFO - DAG(s) dict_keys(['traffic_monitoring_pipeline']) retrieved from /opt/airflow/dags/traffic_monitoring_dag.py
[2025-09-24T15:03:40.821+0000] {logging_mixin.py:154} INFO - [2025-09-24T15:03:40.821+0000] {dag.py:2941} INFO - Sync 1 DAGs
[2025-09-24T15:03:40.846+0000] {logging_mixin.py:154} INFO - [2025-09-24T15:03:40.846+0000] {dag.py:3722} INFO - Setting next_dagrun for traffic_monitoring_pipeline to 2025-09-24T14:42:57.379876+00:00, run_after=2025-09-24T16:42:57.379876+00:00
[2025-09-24T15:03:40.868+0000] {processor.py:179} INFO - Processing /opt/airflow/dags/traffic_monitoring_dag.py took 0.099 seconds
